package configuration for libffi is not found
have_header: checking for ffi.h... -------------------- no

DYLD_FALLBACK_LIBRARY_PATH=.:/Users/Justin/.rubies/ruby-3.1.3/lib "clang -o conftest -I/Users/Justin/.rubies/ruby-3.1.3/include/ruby-3.1.0/x86_64-darwin15 -I/Users/Justin/.rubies/ruby-3.1.3/include/ruby-3.1.0/ruby/backward -I/Users/Justin/.rubies/ruby-3.1.3/include/ruby-3.1.0 -I. -I/usr/local/opt/openssl@1.1/include -I/usr/local/opt/readline/include -I/usr/local/opt/libyaml/include -I/usr/local/opt/gdbm/include -D_XOPEN_SOURCE -D_DARWIN_C_SOURCE -D_DARWIN_UNLIMITED_SELECT -D_REENTRANT   -fdeclspec -O3 -fno-fast-math -ggdb3 -Wall -Wextra -Wdeprecated-declarations -Wdivision-by-zero -Wimplicit-function-declaration -Wimplicit-int -Wpointer-arith -Wshorten-64-to-32 -Wwrite-strings -Wold-style-definition -Wmissing-noreturn -Wno-constant-logical-operand -Wno-long-long -Wno-missing-field-initializers -Wno-overlength-strings -Wno-parentheses-equality -Wno-self-assign -Wno-tautological-compare -Wno-unused-parameter -Wno-unused-value -Wunused-variable -Wextra-tokens -Wundef  -pipe conftest.c  -L. -L/Users/Justin/.rubies/ruby-3.1.3/lib -L/usr/local/opt/openssl@1.1/lib -L/usr/local/opt/readline/lib -L/usr/local/opt/libyaml/lib -L/usr/local/opt/gdbm/lib -L. -fstack-protector-strong -L/usr/local/opt/openssl@1.1/lib -L/usr/local/opt/readline/lib -L/usr/local/opt/libyaml/lib -L/usr/local/opt/gdbm/lib -L/usr/local/lib     -lruby.3.1-static -framework CoreFoundation -lpthread -ldl -lobjc   "
checked program was:
/* begin */
1: #include "ruby.h"
2: 
3: int main(int argc, char **argv)
4: {
5:   return !!argv[argc];
6: }
/* end */

DYLD_FALLBACK_LIBRARY_PATH=.:/Users/Justin/.rubies/ruby-3.1.3/lib "clang -I/Users/Justin/.rubies/ruby-3.1.3/include/ruby-3.1.0/x86_64-darwin15 -I/Users/Justin/.rubies/ruby-3.1.3/include/ruby-3.1.0/ruby/backward -I/Users/Justin/.rubies/ruby-3.1.3/include/ruby-3.1.0 -I. -I/usr/local/opt/openssl@1.1/include -I/usr/local/opt/readline/include -I/usr/local/opt/libyaml/include -I/usr/local/opt/gdbm/include -D_XOPEN_SOURCE -D_DARWIN_C_SOURCE -D_DARWIN_UNLIMITED_SELECT -D_REENTRANT   -fdeclspec -O3 -fno-fast-math -ggdb3 -Wall -Wextra -Wdeprecated-declarations -Wdivision-by-zero -Wimplicit-function-declaration -Wimplicit-int -Wpointer-arith -Wshorten-64-to-32 -Wwrite-strings -Wold-style-definition -Wmissing-noreturn -Wno-constant-logical-operand -Wno-long-long -Wno-missing-field-initializers -Wno-overlength-strings -Wno-parentheses-equality -Wno-self-assign -Wno-tautological-compare -Wno-unused-parameter -Wno-unused-value -Wunused-variable -Wextra-tokens -Wundef  -pipe   -c conftest.c"
conftest.c:3:10: fatal error: 'ffi.h' file not found
#include <ffi.h>
         ^
1 error generated.
checked program was:
/* begin */
1: #include "ruby.h"
2: 
3: #include <ffi.h>
/* end */

--------------------

find_header: checking for ffi.h in /usr/local/include,/usr/include/ffi,/Library/Developer/CommandLineTools/SDKs/MacOSX.sdk/usr/include/ffi,/Applications/Xcode.app/Contents/Developer/Platforms/MacOSX.platform/Developer/SDKs/MacOSX.sdk/usr/include/ffi... -------------------- yes

DYLD_FALLBACK_LIBRARY_PATH=.:/Users/Justin/.rubies/ruby-3.1.3/lib "clang -I/Users/Justin/.rubies/ruby-3.1.3/include/ruby-3.1.0/x86_64-darwin15 -I/Users/Justin/.rubies/ruby-3.1.3/include/ruby-3.1.0/ruby/backward -I/Users/Justin/.rubies/ruby-3.1.3/include/ruby-3.1.0 -I. -I/usr/local/opt/openssl@1.1/include -I/usr/local/opt/readline/include -I/usr/local/opt/libyaml/include -I/usr/local/opt/gdbm/include -D_XOPEN_SOURCE -D_DARWIN_C_SOURCE -D_DARWIN_UNLIMITED_SELECT -D_REENTRANT   -fdeclspec -O3 -fno-fast-math -ggdb3 -Wall -Wextra -Wdeprecated-declarations -Wdivision-by-zero -Wimplicit-function-declaration -Wimplicit-int -Wpointer-arith -Wshorten-64-to-32 -Wwrite-strings -Wold-style-definition -Wmissing-noreturn -Wno-constant-logical-operand -Wno-long-long -Wno-missing-field-initializers -Wno-overlength-strings -Wno-parentheses-equality -Wno-self-assign -Wno-tautological-compare -Wno-unused-parameter -Wno-unused-value -Wunused-variable -Wextra-tokens -Wundef  -pipe   -c conftest.c"
conftest.c:3:10: fatal error: 'ffi.h' file not found
#include <ffi.h>
         ^
1 error generated.
checked program was:
/* begin */
1: #include "ruby.h"
2: 
3: #include <ffi.h>
/* end */

DYLD_FALLBACK_LIBRARY_PATH=.:/Users/Justin/.rubies/ruby-3.1.3/lib "clang -I/Users/Justin/.rubies/ruby-3.1.3/include/ruby-3.1.0/x86_64-darwin15 -I/Users/Justin/.rubies/ruby-3.1.3/include/ruby-3.1.0/ruby/backward -I/Users/Justin/.rubies/ruby-3.1.3/include/ruby-3.1.0 -I. -I/usr/local/opt/openssl@1.1/include -I/usr/local/opt/readline/include -I/usr/local/opt/libyaml/include -I/usr/local/opt/gdbm/include -D_XOPEN_SOURCE -D_DARWIN_C_SOURCE -D_DARWIN_UNLIMITED_SELECT -D_REENTRANT   -fdeclspec -O3 -fno-fast-math -ggdb3 -Wall -Wextra -Wdeprecated-declarations -Wdivision-by-zero -Wimplicit-function-declaration -Wimplicit-int -Wpointer-arith -Wshorten-64-to-32 -Wwrite-strings -Wold-style-definition -Wmissing-noreturn -Wno-constant-logical-operand -Wno-long-long -Wno-missing-field-initializers -Wno-overlength-strings -Wno-parentheses-equality -Wno-self-assign -Wno-tautological-compare -Wno-unused-parameter -Wno-unused-value -Wunused-variable -Wextra-tokens -Wundef  -pipe  -I/usr/local/include -c conftest.c"
conftest.c:3:10: fatal error: 'ffi.h' file not found
#include <ffi.h>
         ^
1 error generated.
checked program was:
/* begin */
1: #include "ruby.h"
2: 
3: #include <ffi.h>
/* end */

DYLD_FALLBACK_LIBRARY_PATH=.:/Users/Justin/.rubies/ruby-3.1.3/lib "clang -I/Users/Justin/.rubies/ruby-3.1.3/include/ruby-3.1.0/x86_64-darwin15 -I/Users/Justin/.rubies/ruby-3.1.3/include/ruby-3.1.0/ruby/backward -I/Users/Justin/.rubies/ruby-3.1.3/include/ruby-3.1.0 -I. -I/usr/local/opt/openssl@1.1/include -I/usr/local/opt/readline/include -I/usr/local/opt/libyaml/include -I/usr/local/opt/gdbm/include -D_XOPEN_SOURCE -D_DARWIN_C_SOURCE -D_DARWIN_UNLIMITED_SELECT -D_REENTRANT   -fdeclspec -O3 -fno-fast-math -ggdb3 -Wall -Wextra -Wdeprecated-declarations -Wdivision-by-zero -Wimplicit-function-declaration -Wimplicit-int -Wpointer-arith -Wshorten-64-to-32 -Wwrite-strings -Wold-style-definition -Wmissing-noreturn -Wno-constant-logical-operand -Wno-long-long -Wno-missing-field-initializers -Wno-overlength-strings -Wno-parentheses-equality -Wno-self-assign -Wno-tautological-compare -Wno-unused-parameter -Wno-unused-value -Wunused-variable -Wextra-tokens -Wundef  -pipe  -I/usr/include/ffi -c conftest.c"
checked program was:
/* begin */
1: #include "ruby.h"
2: 
3: #include <ffi.h>
/* end */

--------------------

have_library: checking for ffi_prep_closure_loc() in -lffi... -------------------- no

DYLD_FALLBACK_LIBRARY_PATH=.:/Users/Justin/.rubies/ruby-3.1.3/lib "clang -o conftest -I/Users/Justin/.rubies/ruby-3.1.3/include/ruby-3.1.0/x86_64-darwin15 -I/Users/Justin/.rubies/ruby-3.1.3/include/ruby-3.1.0/ruby/backward -I/Users/Justin/.rubies/ruby-3.1.3/include/ruby-3.1.0 -I. -I/usr/include/ffi -I/usr/local/opt/openssl@1.1/include -I/usr/local/opt/readline/include -I/usr/local/opt/libyaml/include -I/usr/local/opt/gdbm/include -D_XOPEN_SOURCE -D_DARWIN_C_SOURCE -D_DARWIN_UNLIMITED_SELECT -D_REENTRANT   -fdeclspec -O3 -fno-fast-math -ggdb3 -Wall -Wextra -Wdeprecated-declarations -Wdivision-by-zero -Wimplicit-function-declaration -Wimplicit-int -Wpointer-arith -Wshorten-64-to-32 -Wwrite-strings -Wold-style-definition -Wmissing-noreturn -Wno-constant-logical-operand -Wno-long-long -Wno-missing-field-initializers -Wno-overlength-strings -Wno-parentheses-equality -Wno-self-assign -Wno-tautological-compare -Wno-unused-parameter -Wno-unused-value -Wunused-variable -Wextra-tokens -Wundef  -pipe conftest.c  -L. -L/Users/Justin/.rubies/ruby-3.1.3/lib -L/usr/local/opt/openssl@1.1/lib -L/usr/local/opt/readline/lib -L/usr/local/opt/libyaml/lib -L/usr/local/opt/gdbm/lib -L. -fstack-protector-strong -L/usr/local/opt/openssl@1.1/lib -L/usr/local/opt/readline/lib -L/usr/local/opt/libyaml/lib -L/usr/local/opt/gdbm/lib -L/usr/local/lib     -lruby.3.1-static -framework CoreFoundation -lpthread -ldl -lobjc -lffi   "
conftest.c:16:57: error: use of undeclared identifier 'ffi_prep_closure_loc'
int t(void) { void ((*volatile p)()); p = (void ((*)()))ffi_prep_closure_loc; return !p; }
                                                        ^
1 error generated.
checked program was:
/* begin */
 1: #include "ruby.h"
 2: 
 3: #include <ffi.h>
 4: 
 5: /*top*/
 6: extern int t(void);
 7: int main(int argc, char **argv)
 8: {
 9:   if (argc > 1000000) {
10:     int (* volatile tp)(void)=(int (*)(void))&t;
11:     printf("%d", (*tp)());
12:   }
13: 
14:   return !!argv[argc];
15: }
16: int t(void) { void ((*volatile p)()); p = (void ((*)()))ffi_prep_closure_loc; return !p; }
/* end */

DYLD_FALLBACK_LIBRARY_PATH=.:/Users/Justin/.rubies/ruby-3.1.3/lib "clang -o conftest -I/Users/Justin/.rubies/ruby-3.1.3/include/ruby-3.1.0/x86_64-darwin15 -I/Users/Justin/.rubies/ruby-3.1.3/include/ruby-3.1.0/ruby/backward -I/Users/Justin/.rubies/ruby-3.1.3/include/ruby-3.1.0 -I. -I/usr/include/ffi -I/usr/local/opt/openssl@1.1/include -I/usr/local/opt/readline/include -I/usr/local/opt/libyaml/include -I/usr/local/opt/gdbm/include -D_XOPEN_SOURCE -D_DARWIN_C_SOURCE -D_DARWIN_UNLIMITED_SELECT -D_REENTRANT   -fdeclspec -O3 -fno-fast-math -ggdb3 -Wall -Wextra -Wdeprecated-declarations -Wdivision-by-zero -Wimplicit-function-declaration -Wimplicit-int -Wpointer-arith -Wshorten-64-to-32 -Wwrite-strings -Wold-style-definition -Wmissing-noreturn -Wno-constant-logical-operand -Wno-long-long -Wno-missing-field-initializers -Wno-overlength-strings -Wno-parentheses-equality -Wno-self-assign -Wno-tautological-compare -Wno-unused-parameter -Wno-unused-value -Wunused-variable -Wextra-tokens -Wundef  -pipe conftest.c  -L. -L/Users/Justin/.rubies/ruby-3.1.3/lib -L/usr/local/opt/openssl@1.1/lib -L/usr/local/opt/readline/lib -L/usr/local/opt/libyaml/lib -L/usr/local/opt/gdbm/lib -L. -fstack-protector-strong -L/usr/local/opt/openssl@1.1/lib -L/usr/local/opt/readline/lib -L/usr/local/opt/libyaml/lib -L/usr/local/opt/gdbm/lib -L/usr/local/lib     -lruby.3.1-static -framework CoreFoundation -lpthread -ldl -lobjc -lffi   "
Undefined symbols for architecture x86_64:
  "_ffi_prep_closure_loc", referenced from:
      _t in conftest-857dd4.o
ld: symbol(s) not found for architecture x86_64
clang: error: linker command failed with exit code 1 (use -v to see invocation)
checked program was:
/* begin */
 1: #include "ruby.h"
 2: 
 3: #include <ffi.h>
 4: 
 5: /*top*/
 6: extern int t(void);
 7: int main(int argc, char **argv)
 8: {
 9:   if (argc > 1000000) {
10:     int (* volatile tp)(void)=(int (*)(void))&t;
11:     printf("%d", (*tp)());
12:   }
13: 
14:   return !!argv[argc];
15: }
16: extern void ffi_prep_closure_loc();
17: int t(void) { ffi_prep_closure_loc(); return 0; }
/* end */

--------------------

have_library: checking for ffi_prep_closure_loc() in -llibffi... -------------------- no

DYLD_FALLBACK_LIBRARY_PATH=.:/Users/Justin/.rubies/ruby-3.1.3/lib "clang -o conftest -I/Users/Justin/.rubies/ruby-3.1.3/include/ruby-3.1.0/x86_64-darwin15 -I/Users/Justin/.rubies/ruby-3.1.3/include/ruby-3.1.0/ruby/backward -I/Users/Justin/.rubies/ruby-3.1.3/include/ruby-3.1.0 -I. -I/usr/include/ffi -I/usr/local/opt/openssl@1.1/include -I/usr/local/opt/readline/include -I/usr/local/opt/libyaml/include -I/usr/local/opt/gdbm/include -D_XOPEN_SOURCE -D_DARWIN_C_SOURCE -D_DARWIN_UNLIMITED_SELECT -D_REENTRANT   -fdeclspec -O3 -fno-fast-math -ggdb3 -Wall -Wextra -Wdeprecated-declarations -Wdivision-by-zero -Wimplicit-function-declaration -Wimplicit-int -Wpointer-arith -Wshorten-64-to-32 -Wwrite-strings -Wold-style-definition -Wmissing-noreturn -Wno-constant-logical-operand -Wno-long-long -Wno-missing-field-initializers -Wno-overlength-strings -Wno-parentheses-equality -Wno-self-assign -Wno-tautological-compare -Wno-unused-parameter -Wno-unused-value -Wunused-variable -Wextra-tokens -Wundef  -pipe conftest.c  -L. -L/Users/Justin/.rubies/ruby-3.1.3/lib -L/usr/local/opt/openssl@1.1/lib -L/usr/local/opt/readline/lib -L/usr/local/opt/libyaml/lib -L/usr/local/opt/gdbm/lib -L. -fstack-protector-strong -L/usr/local/opt/openssl@1.1/lib -L/usr/local/opt/readline/lib -L/usr/local/opt/libyaml/lib -L/usr/local/opt/gdbm/lib -L/usr/local/lib     -lruby.3.1-static -framework CoreFoundation -lpthread -ldl -lobjc -llibffi   "
conftest.c:16:57: error: use of undeclared identifier 'ffi_prep_closure_loc'
int t(void) { void ((*volatile p)()); p = (void ((*)()))ffi_prep_closure_loc; return !p; }
                                                        ^
1 error generated.
checked program was:
/* begin */
 1: #include "ruby.h"
 2: 
 3: #include <ffi.h>
 4: 
 5: /*top*/
 6: extern int t(void);
 7: int main(int argc, char **argv)
 8: {
 9:   if (argc > 1000000) {
10:     int (* volatile tp)(void)=(int (*)(void))&t;
11:     printf("%d", (*tp)());
12:   }
13: 
14:   return !!argv[argc];
15: }
16: int t(void) { void ((*volatile p)()); p = (void ((*)()))ffi_prep_closure_loc; return !p; }
/* end */

DYLD_FALLBACK_LIBRARY_PATH=.:/Users/Justin/.rubies/ruby-3.1.3/lib "clang -o conftest -I/Users/Justin/.rubies/ruby-3.1.3/include/ruby-3.1.0/x86_64-darwin15 -I/Users/Justin/.rubies/ruby-3.1.3/include/ruby-3.1.0/ruby/backward -I/Users/Justin/.rubies/ruby-3.1.3/include/ruby-3.1.0 -I. -I/usr/include/ffi -I/usr/local/opt/openssl@1.1/include -I/usr/local/opt/readline/include -I/usr/local/opt/libyaml/include -I/usr/local/opt/gdbm/include -D_XOPEN_SOURCE -D_DARWIN_C_SOURCE -D_DARWIN_UNLIMITED_SELECT -D_REENTRANT   -fdeclspec -O3 -fno-fast-math -ggdb3 -Wall -Wextra -Wdeprecated-declarations -Wdivision-by-zero -Wimplicit-function-declaration -Wimplicit-int -Wpointer-arith -Wshorten-64-to-32 -Wwrite-strings -Wold-style-definition -Wmissing-noreturn -Wno-constant-logical-operand -Wno-long-long -Wno-missing-field-initializers -Wno-overlength-strings -Wno-parentheses-equality -Wno-self-assign -Wno-tautological-compare -Wno-unused-parameter -Wno-unused-value -Wunused-variable -Wextra-tokens -Wundef  -pipe conftest.c  -L. -L/Users/Justin/.rubies/ruby-3.1.3/lib -L/usr/local/opt/openssl@1.1/lib -L/usr/local/opt/readline/lib -L/usr/local/opt/libyaml/lib -L/usr/local/opt/gdbm/lib -L. -fstack-protector-strong -L/usr/local/opt/openssl@1.1/lib -L/usr/local/opt/readline/lib -L/usr/local/opt/libyaml/lib -L/usr/local/opt/gdbm/lib -L/usr/local/lib     -lruby.3.1-static -framework CoreFoundation -lpthread -ldl -lobjc -llibffi   "
ld: library not found for -llibffi
clang: error: linker command failed with exit code 1 (use -v to see invocation)
checked program was:
/* begin */
 1: #include "ruby.h"
 2: 
 3: #include <ffi.h>
 4: 
 5: /*top*/
 6: extern int t(void);
 7: int main(int argc, char **argv)
 8: {
 9:   if (argc > 1000000) {
10:     int (* volatile tp)(void)=(int (*)(void))&t;
11:     printf("%d", (*tp)());
12:   }
13: 
14:   return !!argv[argc];
15: }
16: extern void ffi_prep_closure_loc();
17: int t(void) { ffi_prep_closure_loc(); return 0; }
/* end */

--------------------

have_library: checking for ffi_prep_closure_loc() in -llibffi-8... -------------------- no

DYLD_FALLBACK_LIBRARY_PATH=.:/Users/Justin/.rubies/ruby-3.1.3/lib "clang -o conftest -I/Users/Justin/.rubies/ruby-3.1.3/include/ruby-3.1.0/x86_64-darwin15 -I/Users/Justin/.rubies/ruby-3.1.3/include/ruby-3.1.0/ruby/backward -I/Users/Justin/.rubies/ruby-3.1.3/include/ruby-3.1.0 -I. -I/usr/include/ffi -I/usr/local/opt/openssl@1.1/include -I/usr/local/opt/readline/include -I/usr/local/opt/libyaml/include -I/usr/local/opt/gdbm/include -D_XOPEN_SOURCE -D_DARWIN_C_SOURCE -D_DARWIN_UNLIMITED_SELECT -D_REENTRANT   -fdeclspec -O3 -fno-fast-math -ggdb3 -Wall -Wextra -Wdeprecated-declarations -Wdivision-by-zero -Wimplicit-function-declaration -Wimplicit-int -Wpointer-arith -Wshorten-64-to-32 -Wwrite-strings -Wold-style-definition -Wmissing-noreturn -Wno-constant-logical-operand -Wno-long-long -Wno-missing-field-initializers -Wno-overlength-strings -Wno-parentheses-equality -Wno-self-assign -Wno-tautological-compare -Wno-unused-parameter -Wno-unused-value -Wunused-variable -Wextra-tokens -Wundef  -pipe conftest.c  -L. -L/Users/Justin/.rubies/ruby-3.1.3/lib -L/usr/local/opt/openssl@1.1/lib -L/usr/local/opt/readline/lib -L/usr/local/opt/libyaml/lib -L/usr/local/opt/gdbm/lib -L. -fstack-protector-strong -L/usr/local/opt/openssl@1.1/lib -L/usr/local/opt/readline/lib -L/usr/local/opt/libyaml/lib -L/usr/local/opt/gdbm/lib -L/usr/local/lib     -lruby.3.1-static -framework CoreFoundation -lpthread -ldl -lobjc -llibffi-8   "
conftest.c:16:57: error: use of undeclared identifier 'ffi_prep_closure_loc'
int t(void) { void ((*volatile p)()); p = (void ((*)()))ffi_prep_closure_loc; return !p; }
                                                        ^
1 error generated.
checked program was:
/* begin */
 1: #include "ruby.h"
 2: 
 3: #include <ffi.h>
 4: 
 5: /*top*/
 6: extern int t(void);
 7: int main(int argc, char **argv)
 8: {
 9:   if (argc > 1000000) {
10:     int (* volatile tp)(void)=(int (*)(void))&t;
11:     printf("%d", (*tp)());
12:   }
13: 
14:   return !!argv[argc];
15: }
16: int t(void) { void ((*volatile p)()); p = (void ((*)()))ffi_prep_closure_loc; return !p; }
/* end */

DYLD_FALLBACK_LIBRARY_PATH=.:/Users/Justin/.rubies/ruby-3.1.3/lib "clang -o conftest -I/Users/Justin/.rubies/ruby-3.1.3/include/ruby-3.1.0/x86_64-darwin15 -I/Users/Justin/.rubies/ruby-3.1.3/include/ruby-3.1.0/ruby/backward -I/Users/Justin/.rubies/ruby-3.1.3/include/ruby-3.1.0 -I. -I/usr/include/ffi -I/usr/local/opt/openssl@1.1/include -I/usr/local/opt/readline/include -I/usr/local/opt/libyaml/include -I/usr/local/opt/gdbm/include -D_XOPEN_SOURCE -D_DARWIN_C_SOURCE -D_DARWIN_UNLIMITED_SELECT -D_REENTRANT   -fdeclspec -O3 -fno-fast-math -ggdb3 -Wall -Wextra -Wdeprecated-declarations -Wdivision-by-zero -Wimplicit-function-declaration -Wimplicit-int -Wpointer-arith -Wshorten-64-to-32 -Wwrite-strings -Wold-style-definition -Wmissing-noreturn -Wno-constant-logical-operand -Wno-long-long -Wno-missing-field-initializers -Wno-overlength-strings -Wno-parentheses-equality -Wno-self-assign -Wno-tautological-compare -Wno-unused-parameter -Wno-unused-value -Wunused-variable -Wextra-tokens -Wundef  -pipe conftest.c  -L. -L/Users/Justin/.rubies/ruby-3.1.3/lib -L/usr/local/opt/openssl@1.1/lib -L/usr/local/opt/readline/lib -L/usr/local/opt/libyaml/lib -L/usr/local/opt/gdbm/lib -L. -fstack-protector-strong -L/usr/local/opt/openssl@1.1/lib -L/usr/local/opt/readline/lib -L/usr/local/opt/libyaml/lib -L/usr/local/opt/gdbm/lib -L/usr/local/lib     -lruby.3.1-static -framework CoreFoundation -lpthread -ldl -lobjc -llibffi-8   "
ld: library not found for -llibffi-8
clang: error: linker command failed with exit code 1 (use -v to see invocation)
checked program was:
/* begin */
 1: #include "ruby.h"
 2: 
 3: #include <ffi.h>
 4: 
 5: /*top*/
 6: extern int t(void);
 7: int main(int argc, char **argv)
 8: {
 9:   if (argc > 1000000) {
10:     int (* volatile tp)(void)=(int (*)(void))&t;
11:     printf("%d", (*tp)());
12:   }
13: 
14:   return !!argv[argc];
15: }
16: extern void ffi_prep_closure_loc();
17: int t(void) { ffi_prep_closure_loc(); return 0; }
/* end */

--------------------

block in append_ldflags: checking for whether -Wl,--exclude-libs,ALL is accepted as LDFLAGS... -------------------- no

DYLD_FALLBACK_LIBRARY_PATH=.:/Users/Justin/.rubies/ruby-3.1.3/lib "clang -o conftest -I/Users/Justin/.rubies/ruby-3.1.3/include/ruby-3.1.0/x86_64-darwin15 -I/Users/Justin/.rubies/ruby-3.1.3/include/ruby-3.1.0/ruby/backward -I/Users/Justin/.rubies/ruby-3.1.3/include/ruby-3.1.0 -I. -I/usr/include/ffi -I/usr/local/opt/openssl@1.1/include -I/usr/local/opt/readline/include -I/usr/local/opt/libyaml/include -I/usr/local/opt/gdbm/include -D_XOPEN_SOURCE -D_DARWIN_C_SOURCE -D_DARWIN_UNLIMITED_SELECT -D_REENTRANT   -fdeclspec -O3 -fno-fast-math -ggdb3 -Wall -Wextra -Wdeprecated-declarations -Wdivision-by-zero -Wimplicit-function-declaration -Wimplicit-int -Wpointer-arith -Wshorten-64-to-32 -Wwrite-strings -Wold-style-definition -Wmissing-noreturn -Wno-constant-logical-operand -Wno-long-long -Wno-missing-field-initializers -Wno-overlength-strings -Wno-parentheses-equality -Wno-self-assign -Wno-tautological-compare -Wno-unused-parameter -Wno-unused-value -Wunused-variable -Wextra-tokens -Wundef  -pipe conftest.c  -L. -L/Users/Justin/.rubies/ruby-3.1.3/lib -L/usr/local/opt/openssl@1.1/lib -L/usr/local/opt/readline/lib -L/usr/local/opt/libyaml/lib -L/usr/local/opt/gdbm/lib -L. -fstack-protector-strong -L/usr/local/opt/openssl@1.1/lib -L/usr/local/opt/readline/lib -L/usr/local/opt/libyaml/lib -L/usr/local/opt/gdbm/lib -L/usr/local/lib     -lruby.3.1-static -framework CoreFoundation -lpthread -ldl -lobjc -Wl,--exclude-libs,ALL  "
ld: unknown option: --exclude-libs
clang: error: linker command failed with exit code 1 (use -v to see invocation)
checked program was:
/* begin */
1: #include "ruby.h"
2: 
3: int main(int argc, char **argv)
4: {
5:   return !!argv[argc];
6: }
/* end */

--------------------

block in append_ldflags: checking for whether -pthread is accepted as LDFLAGS... -------------------- yes

DYLD_FALLBACK_LIBRARY_PATH=.:/Users/Justin/.rubies/ruby-3.1.3/lib "clang -o conftest -I/Users/Justin/.rubies/ruby-3.1.3/include/ruby-3.1.0/x86_64-darwin15 -I/Users/Justin/.rubies/ruby-3.1.3/include/ruby-3.1.0/ruby/backward -I/Users/Justin/.rubies/ruby-3.1.3/include/ruby-3.1.0 -I. -I/usr/include/ffi -I/usr/local/opt/openssl@1.1/include -I/usr/local/opt/readline/include -I/usr/local/opt/libyaml/include -I/usr/local/opt/gdbm/include -D_XOPEN_SOURCE -D_DARWIN_C_SOURCE -D_DARWIN_UNLIMITED_SELECT -D_REENTRANT   -fdeclspec -O3 -fno-fast-math -ggdb3 -Wall -Wextra -Wdeprecated-declarations -Wdivision-by-zero -Wimplicit-function-declaration -Wimplicit-int -Wpointer-arith -Wshorten-64-to-32 -Wwrite-strings -Wold-style-definition -Wmissing-noreturn -Wno-constant-logical-operand -Wno-long-long -Wno-missing-field-initializers -Wno-overlength-strings -Wno-parentheses-equality -Wno-self-assign -Wno-tautological-compare -Wno-unused-parameter -Wno-unused-value -Wunused-variable -Wextra-tokens -Wundef  -pipe conftest.c  -L. -L/Users/Justin/.rubies/ruby-3.1.3/lib -L/usr/local/opt/openssl@1.1/lib -L/usr/local/opt/readline/lib -L/usr/local/opt/libyaml/lib -L/usr/local/opt/gdbm/lib -L. -fstack-protector-strong -L/usr/local/opt/openssl@1.1/lib -L/usr/local/opt/readline/lib -L/usr/local/opt/libyaml/lib -L/usr/local/opt/gdbm/lib -L/usr/local/lib     -lruby.3.1-static -framework CoreFoundation -lpthread -ldl -lobjc -pthread  "
checked program was:
/* begin */
1: #include "ruby.h"
2: 
3: int main(int argc, char **argv)
4: {
5:   return !!argv[argc];
6: }
/* end */

--------------------

extconf.h is:
/* begin */
1: #ifndef EXTCONF_H
2: #define EXTCONF_H
3: #define HAVE_FFI_PREP_CIF_VAR 1
4: #define USE_INTERNAL_LIBFFI 1
5: #endif
/* end */

