have_func: checking for random()... -------------------- yes

DYLD_FALLBACK_LIBRARY_PATH=.:/Users/Justin/.rubies/ruby-3.1.3/lib "clang -o conftest -I/Users/Justin/.rubies/ruby-3.1.3/include/ruby-3.1.0/x86_64-darwin15 -I/Users/Justin/.rubies/ruby-3.1.3/include/ruby-3.1.0/ruby/backward -I/Users/Justin/.rubies/ruby-3.1.3/include/ruby-3.1.0 -I. -I/usr/local/opt/openssl@1.1/include -I/usr/local/opt/readline/include -I/usr/local/opt/libyaml/include -I/usr/local/opt/gdbm/include -D_XOPEN_SOURCE -D_DARWIN_C_SOURCE -D_DARWIN_UNLIMITED_SELECT -D_REENTRANT   -fdeclspec -O3 -fno-fast-math -ggdb3 -Wall -Wextra -Wdeprecated-declarations -Wdivision-by-zero -Wimplicit-function-declaration -Wimplicit-int -Wpointer-arith -Wshorten-64-to-32 -Wwrite-strings -Wold-style-definition -Wmissing-noreturn -Wno-constant-logical-operand -Wno-long-long -Wno-missing-field-initializers -Wno-overlength-strings -Wno-parentheses-equality -Wno-self-assign -Wno-tautological-compare -Wno-unused-parameter -Wno-unused-value -Wunused-variable -Wextra-tokens -Wundef  -pipe conftest.c  -L. -L/Users/Justin/.rubies/ruby-3.1.3/lib -L/usr/local/opt/openssl@1.1/lib -L/usr/local/opt/readline/lib -L/usr/local/opt/libyaml/lib -L/usr/local/opt/gdbm/lib -L. -fstack-protector-strong -L/usr/local/opt/openssl@1.1/lib -L/usr/local/opt/readline/lib -L/usr/local/opt/libyaml/lib -L/usr/local/opt/gdbm/lib -L/usr/local/lib     -lruby.3.1-static -framework CoreFoundation -lpthread -ldl -lobjc   "
checked program was:
/* begin */
1: #include "ruby.h"
2: 
3: int main(int argc, char **argv)
4: {
5:   return !!argv[argc];
6: }
/* end */

DYLD_FALLBACK_LIBRARY_PATH=.:/Users/Justin/.rubies/ruby-3.1.3/lib "clang -o conftest -I/Users/Justin/.rubies/ruby-3.1.3/include/ruby-3.1.0/x86_64-darwin15 -I/Users/Justin/.rubies/ruby-3.1.3/include/ruby-3.1.0/ruby/backward -I/Users/Justin/.rubies/ruby-3.1.3/include/ruby-3.1.0 -I. -I/usr/local/opt/openssl@1.1/include -I/usr/local/opt/readline/include -I/usr/local/opt/libyaml/include -I/usr/local/opt/gdbm/include -D_XOPEN_SOURCE -D_DARWIN_C_SOURCE -D_DARWIN_UNLIMITED_SELECT -D_REENTRANT   -fdeclspec -O3 -fno-fast-math -ggdb3 -Wall -Wextra -Wdeprecated-declarations -Wdivision-by-zero -Wimplicit-function-declaration -Wimplicit-int -Wpointer-arith -Wshorten-64-to-32 -Wwrite-strings -Wold-style-definition -Wmissing-noreturn -Wno-constant-logical-operand -Wno-long-long -Wno-missing-field-initializers -Wno-overlength-strings -Wno-parentheses-equality -Wno-self-assign -Wno-tautological-compare -Wno-unused-parameter -Wno-unused-value -Wunused-variable -Wextra-tokens -Wundef  -pipe conftest.c  -L. -L/Users/Justin/.rubies/ruby-3.1.3/lib -L/usr/local/opt/openssl@1.1/lib -L/usr/local/opt/readline/lib -L/usr/local/opt/libyaml/lib -L/usr/local/opt/gdbm/lib -L. -fstack-protector-strong -L/usr/local/opt/openssl@1.1/lib -L/usr/local/opt/readline/lib -L/usr/local/opt/libyaml/lib -L/usr/local/opt/gdbm/lib -L/usr/local/lib     -lruby.3.1-static -framework CoreFoundation -lpthread -ldl -lobjc   "
checked program was:
/* begin */
 1: #include "ruby.h"
 2: 
 3: /*top*/
 4: extern int t(void);
 5: int main(int argc, char **argv)
 6: {
 7:   if (argc > 1000000) {
 8:     int (* volatile tp)(void)=(int (*)(void))&t;
 9:     printf("%d", (*tp)());
10:   }
11: 
12:   return !!argv[argc];
13: }
14: int t(void) { void ((*volatile p)()); p = (void ((*)()))random; return !p; }
/* end */

--------------------

have_func: checking for srandom()... -------------------- yes

DYLD_FALLBACK_LIBRARY_PATH=.:/Users/Justin/.rubies/ruby-3.1.3/lib "clang -o conftest -I/Users/Justin/.rubies/ruby-3.1.3/include/ruby-3.1.0/x86_64-darwin15 -I/Users/Justin/.rubies/ruby-3.1.3/include/ruby-3.1.0/ruby/backward -I/Users/Justin/.rubies/ruby-3.1.3/include/ruby-3.1.0 -I. -I/usr/local/opt/openssl@1.1/include -I/usr/local/opt/readline/include -I/usr/local/opt/libyaml/include -I/usr/local/opt/gdbm/include -D_XOPEN_SOURCE -D_DARWIN_C_SOURCE -D_DARWIN_UNLIMITED_SELECT -D_REENTRANT   -fdeclspec -O3 -fno-fast-math -ggdb3 -Wall -Wextra -Wdeprecated-declarations -Wdivision-by-zero -Wimplicit-function-declaration -Wimplicit-int -Wpointer-arith -Wshorten-64-to-32 -Wwrite-strings -Wold-style-definition -Wmissing-noreturn -Wno-constant-logical-operand -Wno-long-long -Wno-missing-field-initializers -Wno-overlength-strings -Wno-parentheses-equality -Wno-self-assign -Wno-tautological-compare -Wno-unused-parameter -Wno-unused-value -Wunused-variable -Wextra-tokens -Wundef  -pipe conftest.c  -L. -L/Users/Justin/.rubies/ruby-3.1.3/lib -L/usr/local/opt/openssl@1.1/lib -L/usr/local/opt/readline/lib -L/usr/local/opt/libyaml/lib -L/usr/local/opt/gdbm/lib -L. -fstack-protector-strong -L/usr/local/opt/openssl@1.1/lib -L/usr/local/opt/readline/lib -L/usr/local/opt/libyaml/lib -L/usr/local/opt/gdbm/lib -L/usr/local/lib     -lruby.3.1-static -framework CoreFoundation -lpthread -ldl -lobjc   "
checked program was:
/* begin */
 1: #include "ruby.h"
 2: 
 3: /*top*/
 4: extern int t(void);
 5: int main(int argc, char **argv)
 6: {
 7:   if (argc > 1000000) {
 8:     int (* volatile tp)(void)=(int (*)(void))&t;
 9:     printf("%d", (*tp)());
10:   }
11: 
12:   return !!argv[argc];
13: }
14: int t(void) { void ((*volatile p)()); p = (void ((*)()))srandom; return !p; }
/* end */

--------------------

have_func: checking for rand()... -------------------- yes

DYLD_FALLBACK_LIBRARY_PATH=.:/Users/Justin/.rubies/ruby-3.1.3/lib "clang -o conftest -I/Users/Justin/.rubies/ruby-3.1.3/include/ruby-3.1.0/x86_64-darwin15 -I/Users/Justin/.rubies/ruby-3.1.3/include/ruby-3.1.0/ruby/backward -I/Users/Justin/.rubies/ruby-3.1.3/include/ruby-3.1.0 -I. -I/usr/local/opt/openssl@1.1/include -I/usr/local/opt/readline/include -I/usr/local/opt/libyaml/include -I/usr/local/opt/gdbm/include -D_XOPEN_SOURCE -D_DARWIN_C_SOURCE -D_DARWIN_UNLIMITED_SELECT -D_REENTRANT   -fdeclspec -O3 -fno-fast-math -ggdb3 -Wall -Wextra -Wdeprecated-declarations -Wdivision-by-zero -Wimplicit-function-declaration -Wimplicit-int -Wpointer-arith -Wshorten-64-to-32 -Wwrite-strings -Wold-style-definition -Wmissing-noreturn -Wno-constant-logical-operand -Wno-long-long -Wno-missing-field-initializers -Wno-overlength-strings -Wno-parentheses-equality -Wno-self-assign -Wno-tautological-compare -Wno-unused-parameter -Wno-unused-value -Wunused-variable -Wextra-tokens -Wundef  -pipe conftest.c  -L. -L/Users/Justin/.rubies/ruby-3.1.3/lib -L/usr/local/opt/openssl@1.1/lib -L/usr/local/opt/readline/lib -L/usr/local/opt/libyaml/lib -L/usr/local/opt/gdbm/lib -L. -fstack-protector-strong -L/usr/local/opt/openssl@1.1/lib -L/usr/local/opt/readline/lib -L/usr/local/opt/libyaml/lib -L/usr/local/opt/gdbm/lib -L/usr/local/lib     -lruby.3.1-static -framework CoreFoundation -lpthread -ldl -lobjc   "
checked program was:
/* begin */
 1: #include "ruby.h"
 2: 
 3: /*top*/
 4: extern int t(void);
 5: int main(int argc, char **argv)
 6: {
 7:   if (argc > 1000000) {
 8:     int (* volatile tp)(void)=(int (*)(void))&t;
 9:     printf("%d", (*tp)());
10:   }
11: 
12:   return !!argv[argc];
13: }
14: int t(void) { void ((*volatile p)()); p = (void ((*)()))rand; return !p; }
/* end */

--------------------

have_func: checking for srand()... -------------------- yes

DYLD_FALLBACK_LIBRARY_PATH=.:/Users/Justin/.rubies/ruby-3.1.3/lib "clang -o conftest -I/Users/Justin/.rubies/ruby-3.1.3/include/ruby-3.1.0/x86_64-darwin15 -I/Users/Justin/.rubies/ruby-3.1.3/include/ruby-3.1.0/ruby/backward -I/Users/Justin/.rubies/ruby-3.1.3/include/ruby-3.1.0 -I. -I/usr/local/opt/openssl@1.1/include -I/usr/local/opt/readline/include -I/usr/local/opt/libyaml/include -I/usr/local/opt/gdbm/include -D_XOPEN_SOURCE -D_DARWIN_C_SOURCE -D_DARWIN_UNLIMITED_SELECT -D_REENTRANT   -fdeclspec -O3 -fno-fast-math -ggdb3 -Wall -Wextra -Wdeprecated-declarations -Wdivision-by-zero -Wimplicit-function-declaration -Wimplicit-int -Wpointer-arith -Wshorten-64-to-32 -Wwrite-strings -Wold-style-definition -Wmissing-noreturn -Wno-constant-logical-operand -Wno-long-long -Wno-missing-field-initializers -Wno-overlength-strings -Wno-parentheses-equality -Wno-self-assign -Wno-tautological-compare -Wno-unused-parameter -Wno-unused-value -Wunused-variable -Wextra-tokens -Wundef  -pipe conftest.c  -L. -L/Users/Justin/.rubies/ruby-3.1.3/lib -L/usr/local/opt/openssl@1.1/lib -L/usr/local/opt/readline/lib -L/usr/local/opt/libyaml/lib -L/usr/local/opt/gdbm/lib -L. -fstack-protector-strong -L/usr/local/opt/openssl@1.1/lib -L/usr/local/opt/readline/lib -L/usr/local/opt/libyaml/lib -L/usr/local/opt/gdbm/lib -L/usr/local/lib     -lruby.3.1-static -framework CoreFoundation -lpthread -ldl -lobjc   "
checked program was:
/* begin */
 1: #include "ruby.h"
 2: 
 3: /*top*/
 4: extern int t(void);
 5: int main(int argc, char **argv)
 6: {
 7:   if (argc > 1000000) {
 8:     int (* volatile tp)(void)=(int (*)(void))&t;
 9:     printf("%d", (*tp)());
10:   }
11: 
12:   return !!argv[argc];
13: }
14: int t(void) { void ((*volatile p)()); p = (void ((*)()))srand; return !p; }
/* end */

--------------------

check_sizeof: checking size of unsigned long... -------------------- 8

DYLD_FALLBACK_LIBRARY_PATH=.:/Users/Justin/.rubies/ruby-3.1.3/lib "clang -I/Users/Justin/.rubies/ruby-3.1.3/include/ruby-3.1.0/x86_64-darwin15 -I/Users/Justin/.rubies/ruby-3.1.3/include/ruby-3.1.0/ruby/backward -I/Users/Justin/.rubies/ruby-3.1.3/include/ruby-3.1.0 -I. -I/usr/local/opt/openssl@1.1/include -I/usr/local/opt/readline/include -I/usr/local/opt/libyaml/include -I/usr/local/opt/gdbm/include -D_XOPEN_SOURCE -D_DARWIN_C_SOURCE -D_DARWIN_UNLIMITED_SELECT -D_REENTRANT   -fdeclspec -O3 -fno-fast-math -ggdb3 -Wall -Wextra -Wdeprecated-declarations -Wdivision-by-zero -Wimplicit-function-declaration -Wimplicit-int -Wpointer-arith -Wshorten-64-to-32 -Wwrite-strings -Wold-style-definition -Wmissing-noreturn -Wno-constant-logical-operand -Wno-long-long -Wno-missing-field-initializers -Wno-overlength-strings -Wno-parentheses-equality -Wno-self-assign -Wno-tautological-compare -Wno-unused-parameter -Wno-unused-value -Wunused-variable -Wextra-tokens -Wundef  -pipe   -c conftest.c"
conftest.c:7:20: error: 'conftest_const' declared as an array with a negative size
int conftest_const[(sizeof((*rbcv_ptr_)) < 0) ? 1 : -1];
                   ^~~~~~~~~~~~~~~~~~~~~~~~~~~~~~~~~~~
1 error generated.
checked program was:
/* begin */
1: #include "ruby.h"
2: 
3: typedef unsigned long rbcv_typedef_;
4: rbcv_typedef_ *rbcv_ptr_;
5: 
6: /*top*/
7: int conftest_const[(sizeof((*rbcv_ptr_)) < 0) ? 1 : -1];
/* end */

DYLD_FALLBACK_LIBRARY_PATH=.:/Users/Justin/.rubies/ruby-3.1.3/lib "clang -o conftest -I/Users/Justin/.rubies/ruby-3.1.3/include/ruby-3.1.0/x86_64-darwin15 -I/Users/Justin/.rubies/ruby-3.1.3/include/ruby-3.1.0/ruby/backward -I/Users/Justin/.rubies/ruby-3.1.3/include/ruby-3.1.0 -I. -I/usr/local/opt/openssl@1.1/include -I/usr/local/opt/readline/include -I/usr/local/opt/libyaml/include -I/usr/local/opt/gdbm/include -D_XOPEN_SOURCE -D_DARWIN_C_SOURCE -D_DARWIN_UNLIMITED_SELECT -D_REENTRANT   -fdeclspec -O3 -fno-fast-math -ggdb3 -Wall -Wextra -Wdeprecated-declarations -Wdivision-by-zero -Wimplicit-function-declaration -Wimplicit-int -Wpointer-arith -Wshorten-64-to-32 -Wwrite-strings -Wold-style-definition -Wmissing-noreturn -Wno-constant-logical-operand -Wno-long-long -Wno-missing-field-initializers -Wno-overlength-strings -Wno-parentheses-equality -Wno-self-assign -Wno-tautological-compare -Wno-unused-parameter -Wno-unused-value -Wunused-variable -Wextra-tokens -Wundef  -pipe conftest.c  -L. -L/Users/Justin/.rubies/ruby-3.1.3/lib -L/usr/local/opt/openssl@1.1/lib -L/usr/local/opt/readline/lib -L/usr/local/opt/libyaml/lib -L/usr/local/opt/gdbm/lib -L. -fstack-protector-strong -L/usr/local/opt/openssl@1.1/lib -L/usr/local/opt/readline/lib -L/usr/local/opt/libyaml/lib -L/usr/local/opt/gdbm/lib -L/usr/local/lib     -lruby.3.1-static -framework CoreFoundation -lpthread -ldl -lobjc   "
checked program was:
/* begin */
 1: #include "ruby.h"
 2: 
 3: typedef unsigned long rbcv_typedef_;
 4: rbcv_typedef_ *rbcv_ptr_;
 5: 
 6: #include <stdio.h>
 7: /*top*/
 8: typedef unsigned
 9: #ifdef PRI_LL_PREFIX
10: #define PRI_CONFTEST_PREFIX PRI_LL_PREFIX
11: LONG_LONG
12: #else
13: #define PRI_CONFTEST_PREFIX "l"
14: long
15: #endif
16: conftest_type;
17: conftest_type conftest_const = (conftest_type)(sizeof((*rbcv_ptr_)));
18: int main() {printf("%"PRI_CONFTEST_PREFIX"u\n", conftest_const); return 0;}
/* end */

DYLD_FALLBACK_LIBRARY_PATH=.:/Users/Justin/.rubies/ruby-3.1.3/lib ./conftest |
--------------------

check_sizeof: checking size of unsigned int... -------------------- 4

DYLD_FALLBACK_LIBRARY_PATH=.:/Users/Justin/.rubies/ruby-3.1.3/lib "clang -I/Users/Justin/.rubies/ruby-3.1.3/include/ruby-3.1.0/x86_64-darwin15 -I/Users/Justin/.rubies/ruby-3.1.3/include/ruby-3.1.0/ruby/backward -I/Users/Justin/.rubies/ruby-3.1.3/include/ruby-3.1.0 -I. -I/usr/local/opt/openssl@1.1/include -I/usr/local/opt/readline/include -I/usr/local/opt/libyaml/include -I/usr/local/opt/gdbm/include -D_XOPEN_SOURCE -D_DARWIN_C_SOURCE -D_DARWIN_UNLIMITED_SELECT -D_REENTRANT   -fdeclspec -O3 -fno-fast-math -ggdb3 -Wall -Wextra -Wdeprecated-declarations -Wdivision-by-zero -Wimplicit-function-declaration -Wimplicit-int -Wpointer-arith -Wshorten-64-to-32 -Wwrite-strings -Wold-style-definition -Wmissing-noreturn -Wno-constant-logical-operand -Wno-long-long -Wno-missing-field-initializers -Wno-overlength-strings -Wno-parentheses-equality -Wno-self-assign -Wno-tautological-compare -Wno-unused-parameter -Wno-unused-value -Wunused-variable -Wextra-tokens -Wundef  -pipe   -c conftest.c"
conftest.c:7:20: error: 'conftest_const' declared as an array with a negative size
int conftest_const[(sizeof((*rbcv_ptr_)) < 0) ? 1 : -1];
                   ^~~~~~~~~~~~~~~~~~~~~~~~~~~~~~~~~~~
1 error generated.
checked program was:
/* begin */
1: #include "ruby.h"
2: 
3: typedef unsigned int rbcv_typedef_;
4: rbcv_typedef_ *rbcv_ptr_;
5: 
6: /*top*/
7: int conftest_const[(sizeof((*rbcv_ptr_)) < 0) ? 1 : -1];
/* end */

DYLD_FALLBACK_LIBRARY_PATH=.:/Users/Justin/.rubies/ruby-3.1.3/lib "clang -o conftest -I/Users/Justin/.rubies/ruby-3.1.3/include/ruby-3.1.0/x86_64-darwin15 -I/Users/Justin/.rubies/ruby-3.1.3/include/ruby-3.1.0/ruby/backward -I/Users/Justin/.rubies/ruby-3.1.3/include/ruby-3.1.0 -I. -I/usr/local/opt/openssl@1.1/include -I/usr/local/opt/readline/include -I/usr/local/opt/libyaml/include -I/usr/local/opt/gdbm/include -D_XOPEN_SOURCE -D_DARWIN_C_SOURCE -D_DARWIN_UNLIMITED_SELECT -D_REENTRANT   -fdeclspec -O3 -fno-fast-math -ggdb3 -Wall -Wextra -Wdeprecated-declarations -Wdivision-by-zero -Wimplicit-function-declaration -Wimplicit-int -Wpointer-arith -Wshorten-64-to-32 -Wwrite-strings -Wold-style-definition -Wmissing-noreturn -Wno-constant-logical-operand -Wno-long-long -Wno-missing-field-initializers -Wno-overlength-strings -Wno-parentheses-equality -Wno-self-assign -Wno-tautological-compare -Wno-unused-parameter -Wno-unused-value -Wunused-variable -Wextra-tokens -Wundef  -pipe conftest.c  -L. -L/Users/Justin/.rubies/ruby-3.1.3/lib -L/usr/local/opt/openssl@1.1/lib -L/usr/local/opt/readline/lib -L/usr/local/opt/libyaml/lib -L/usr/local/opt/gdbm/lib -L. -fstack-protector-strong -L/usr/local/opt/openssl@1.1/lib -L/usr/local/opt/readline/lib -L/usr/local/opt/libyaml/lib -L/usr/local/opt/gdbm/lib -L/usr/local/lib     -lruby.3.1-static -framework CoreFoundation -lpthread -ldl -lobjc   "
checked program was:
/* begin */
 1: #include "ruby.h"
 2: 
 3: typedef unsigned int rbcv_typedef_;
 4: rbcv_typedef_ *rbcv_ptr_;
 5: 
 6: #include <stdio.h>
 7: /*top*/
 8: typedef unsigned
 9: #ifdef PRI_LL_PREFIX
10: #define PRI_CONFTEST_PREFIX PRI_LL_PREFIX
11: LONG_LONG
12: #else
13: #define PRI_CONFTEST_PREFIX "l"
14: long
15: #endif
16: conftest_type;
17: conftest_type conftest_const = (conftest_type)(sizeof((*rbcv_ptr_)));
18: int main() {printf("%"PRI_CONFTEST_PREFIX"u\n", conftest_const); return 0;}
/* end */

DYLD_FALLBACK_LIBRARY_PATH=.:/Users/Justin/.rubies/ruby-3.1.3/lib ./conftest |
--------------------

check_sizeof: checking size of unsigned int... -------------------- 4

DYLD_FALLBACK_LIBRARY_PATH=.:/Users/Justin/.rubies/ruby-3.1.3/lib "clang -I/Users/Justin/.rubies/ruby-3.1.3/include/ruby-3.1.0/x86_64-darwin15 -I/Users/Justin/.rubies/ruby-3.1.3/include/ruby-3.1.0/ruby/backward -I/Users/Justin/.rubies/ruby-3.1.3/include/ruby-3.1.0 -I. -I/usr/local/opt/openssl@1.1/include -I/usr/local/opt/readline/include -I/usr/local/opt/libyaml/include -I/usr/local/opt/gdbm/include -D_XOPEN_SOURCE -D_DARWIN_C_SOURCE -D_DARWIN_UNLIMITED_SELECT -D_REENTRANT   -fdeclspec -O3 -fno-fast-math -ggdb3 -Wall -Wextra -Wdeprecated-declarations -Wdivision-by-zero -Wimplicit-function-declaration -Wimplicit-int -Wpointer-arith -Wshorten-64-to-32 -Wwrite-strings -Wold-style-definition -Wmissing-noreturn -Wno-constant-logical-operand -Wno-long-long -Wno-missing-field-initializers -Wno-overlength-strings -Wno-parentheses-equality -Wno-self-assign -Wno-tautological-compare -Wno-unused-parameter -Wno-unused-value -Wunused-variable -Wextra-tokens -Wundef  -pipe   -c conftest.c"
conftest.c:7:20: error: 'conftest_const' declared as an array with a negative size
int conftest_const[(sizeof((*rbcv_ptr_)) < 0) ? 1 : -1];
                   ^~~~~~~~~~~~~~~~~~~~~~~~~~~~~~~~~~~
1 error generated.
checked program was:
/* begin */
1: #include "ruby.h"
2: 
3: typedef unsigned int rbcv_typedef_;
4: rbcv_typedef_ *rbcv_ptr_;
5: 
6: /*top*/
7: int conftest_const[(sizeof((*rbcv_ptr_)) < 0) ? 1 : -1];
/* end */

DYLD_FALLBACK_LIBRARY_PATH=.:/Users/Justin/.rubies/ruby-3.1.3/lib "clang -o conftest -I/Users/Justin/.rubies/ruby-3.1.3/include/ruby-3.1.0/x86_64-darwin15 -I/Users/Justin/.rubies/ruby-3.1.3/include/ruby-3.1.0/ruby/backward -I/Users/Justin/.rubies/ruby-3.1.3/include/ruby-3.1.0 -I. -I/usr/local/opt/openssl@1.1/include -I/usr/local/opt/readline/include -I/usr/local/opt/libyaml/include -I/usr/local/opt/gdbm/include -D_XOPEN_SOURCE -D_DARWIN_C_SOURCE -D_DARWIN_UNLIMITED_SELECT -D_REENTRANT   -fdeclspec -O3 -fno-fast-math -ggdb3 -Wall -Wextra -Wdeprecated-declarations -Wdivision-by-zero -Wimplicit-function-declaration -Wimplicit-int -Wpointer-arith -Wshorten-64-to-32 -Wwrite-strings -Wold-style-definition -Wmissing-noreturn -Wno-constant-logical-operand -Wno-long-long -Wno-missing-field-initializers -Wno-overlength-strings -Wno-parentheses-equality -Wno-self-assign -Wno-tautological-compare -Wno-unused-parameter -Wno-unused-value -Wunused-variable -Wextra-tokens -Wundef  -pipe conftest.c  -L. -L/Users/Justin/.rubies/ruby-3.1.3/lib -L/usr/local/opt/openssl@1.1/lib -L/usr/local/opt/readline/lib -L/usr/local/opt/libyaml/lib -L/usr/local/opt/gdbm/lib -L. -fstack-protector-strong -L/usr/local/opt/openssl@1.1/lib -L/usr/local/opt/readline/lib -L/usr/local/opt/libyaml/lib -L/usr/local/opt/gdbm/lib -L/usr/local/lib     -lruby.3.1-static -framework CoreFoundation -lpthread -ldl -lobjc   "
checked program was:
/* begin */
 1: #include "ruby.h"
 2: 
 3: typedef unsigned int rbcv_typedef_;
 4: rbcv_typedef_ *rbcv_ptr_;
 5: 
 6: #include <stdio.h>
 7: /*top*/
 8: typedef unsigned
 9: #ifdef PRI_LL_PREFIX
10: #define PRI_CONFTEST_PREFIX PRI_LL_PREFIX
11: LONG_LONG
12: #else
13: #define PRI_CONFTEST_PREFIX "l"
14: long
15: #endif
16: conftest_type;
17: conftest_type conftest_const = (conftest_type)(sizeof((*rbcv_ptr_)));
18: int main() {printf("%"PRI_CONFTEST_PREFIX"u\n", conftest_const); return 0;}
/* end */

DYLD_FALLBACK_LIBRARY_PATH=.:/Users/Justin/.rubies/ruby-3.1.3/lib ./conftest |
--------------------

